astropy__astropy-6938 OK
astropy__astropy-14365 OK
astropy__astropy-12907 OK
astropy__astropy-14182 OK
django__django-10914 OK
astropy__astropy-14995 OK
astropy__astropy-7746 OK
django__django-10924 OK
django__django-11099 OK
django__django-11039 OK
django__django-11001 OK
django__django-11049 OK
django__django-11133 OK
django__django-11179 OK
django__django-11564 OK
django__django-11283 OK
django__django-11620 OK
django__django-11422 OK
django__django-11630 OK
django__django-11019 ERROR
django__django-11742 OK
django__django-11797 OK
django__django-11815 OK
django__django-11905 OK
django__django-11179 SKIP
django__django-11564 SKIP
django__django-11742 SKIP
astropy__astropy-14365 SKIP
django__django-11905 SKIP
astropy__astropy-14995 SKIP
astropy__astropy-7746 SKIP
django__django-11039 SKIP
astropy__astropy-6938 SKIP
astropy__astropy-14182 SKIP
django__django-11099 SKIP
django__django-11815 SKIP
django__django-11630 SKIP
django__django-11422 SKIP
django__django-11620 SKIP
django__django-11133 SKIP
django__django-10914 SKIP
django__django-11797 SKIP
django__django-10924 SKIP
django__django-11283 SKIP
astropy__astropy-12907 SKIP
django__django-11049 SKIP
django__django-11001 SKIP
django__django-12184 OK
django__django-11910 OK
django__django-11848 OK
django__django-12284 OK
django__django-12308 OK
issue rewrite pass 1/4
django__django-11905 SKIP
django__django-11179 SKIP
django__django-11564 SKIP
django__django-11742 SKIP
astropy__astropy-14365 SKIP
django__django-11848 SKIP
astropy__astropy-14995 SKIP
django__django-12284 SKIP
astropy__astropy-7746 SKIP
django__django-11039 SKIP
astropy__astropy-6938 SKIP
astropy__astropy-14182 SKIP
django__django-12184 SKIP
django__django-11099 SKIP
django__django-11815 SKIP
django__django-11630 SKIP
django__django-11620 SKIP
django__django-11422 SKIP
django__django-10914 SKIP
django__django-11797 SKIP
django__django-10924 SKIP
django__django-11283 SKIP
django__django-11133 SKIP
django__django-11001 SKIP
astropy__astropy-12907 SKIP
django__django-11910 SKIP
django__django-11049 SKIP
django__django-12308 SKIP
django__django-12286 OK
django__django-12497 OK
django__django-12470 OK
django__django-11999 OK
django__django-12125 OK
django__django-11964 OK
django__django-11583 OK
django__django-12700 OK
django__django-12708 OK
django__django-12747 OK
django__django-12856 OK
django__django-12908 OK
django__django-11019 OK
django__django-12915 OK
django__django-12983 OK
django__django-12589 OK
django__django-13028 OK
django__django-13158 OK
django__django-13220 OK
django__django-13230 OK
django__django-13265 OK
django__django-13315 OK
django__django-13401 OK
django__django-13551 OK
django__django-13590 OK
django__django-13033 OK
django__django-13660 OK
django__django-13768 OK
django__django-13757 OK
django__django-13321 ERROR
django__django-13710 OK
django__django-14016 OK
django__django-13448 ERROR
django__django-13925 OK
django__django-13964 OK
django__django-14017 OK
django__django-12453 OK
django__django-14411 OK
django__django-13447 OK
django__django-13933 OK
django__django-14155 OK
django__django-14580 OK
django__django-14382 OK
django__django-14608 OK
django__django-14238 ERROR
django__django-14730 OK
django__django-14752 OK
django__django-12113 ERROR
django__django-14855 OK
django__django-15202 OK
django__django-15061 OK
django__django-14672 ERROR
django__django-14999 OK
django__django-14787 OK
django__django-14915 OK
django__django-14534 OK
django__django-15213 OK
django__django-14997 ERROR
django__django-15320 OK
django__django-15347 OK
django__django-14667 OK
django__django-15400 OK
django__django-15388 OK
django__django-15695 OK
django__django-15498 OK
django__django-15781 OK
django__django-15790 OK
django__django-15738 OK
django__django-15789 OK
django__django-15819 OK
django__django-15851 OK
django__django-15902 OK
django__django-15996 OK
django__django-15252 OK
django__django-16046 OK
django__django-16041 OK
django__django-16139 OK
django__django-16229 OK
django__django-16527 OK
django__django-16255 OK
django__django-16408 OK
django__django-16595 OK
django__django-15814 OK
django__django-16820 OK
django__django-16910 OK
django__django-16379 OK
django__django-17051 OK
django__django-17087 OK
django__django-16400 ERROR
matplotlib__matplotlib-18869 OK
matplotlib__matplotlib-22835 OK
django__django-16873 OK
matplotlib__matplotlib-22711 OK
matplotlib__matplotlib-23314 OK
matplotlib__matplotlib-23562 OK
matplotlib__matplotlib-23913 OK
matplotlib__matplotlib-23987 OK
django__django-16816 ERROR
matplotlib__matplotlib-24265 OK
matplotlib__matplotlib-23964 OK
matplotlib__matplotlib-23299 ERROR
matplotlib__matplotlib-24334 OK
matplotlib__matplotlib-23476 ERROR
matplotlib__matplotlib-23563 ERROR
matplotlib__matplotlib-24970 OK
matplotlib__matplotlib-25311 OK
matplotlib__matplotlib-25332 OK
matplotlib__matplotlib-25433 OK
matplotlib__matplotlib-25498 OK
mwaskom__seaborn-2848 OK
matplotlib__matplotlib-26011 OK
matplotlib__matplotlib-25079 ERROR
mwaskom__seaborn-3190 OK
mwaskom__seaborn-3407 OK
matplotlib__matplotlib-24149 ERROR
pallets__flask-4992 OK
matplotlib__matplotlib-25442 OK
pallets__flask-5063 OK
psf__requests-3362 OK
pydata__xarray-4248 OK
pydata__xarray-3364 OK
pydata__xarray-4094 OK
pylint-dev__pylint-5859 OK
pydata__xarray-4493 OK
pydata__xarray-5131 OK
pylint-dev__pylint-6506 OK
pytest-dev__pytest-5221 OK
matplotlib__matplotlib-26020 ERROR
pylint-dev__pylint-7114 OK
pylint-dev__pylint-7993 OK
pylint-dev__pylint-7228 OK
pytest-dev__pytest-5413 OK
pytest-dev__pytest-5495 OK
pytest-dev__pytest-7432 OK
pytest-dev__pytest-7373 OK
pytest-dev__pytest-5692 OK
pylint-dev__pylint-7080 ERROR
pytest-dev__pytest-8365 OK
pytest-dev__pytest-8906 OK
pytest-dev__pytest-9359 OK
scikit-learn__scikit-learn-10297 OK
scikit-learn__scikit-learn-10949 OK
scikit-learn__scikit-learn-11281 OK
scikit-learn__scikit-learn-11040 OK
scikit-learn__scikit-learn-12471 OK
scikit-learn__scikit-learn-13241 OK
pytest-dev__pytest-5227 OK
scikit-learn__scikit-learn-13439 OK
scikit-learn__scikit-learn-13142 OK
scikit-learn__scikit-learn-13497 OK
scikit-learn__scikit-learn-13584 OK
mwaskom__seaborn-3010 OK
scikit-learn__scikit-learn-13779 OK
scikit-learn__scikit-learn-14087 OK
scikit-learn__scikit-learn-14092 OK
scikit-learn__scikit-learn-14894 OK
scikit-learn__scikit-learn-14983 OK
scikit-learn__scikit-learn-13496 OK
scikit-learn__scikit-learn-15512 OK
scikit-learn__scikit-learn-10508 OK
sphinx-doc__sphinx-10325 OK
sphinx-doc__sphinx-10451 OK
scikit-learn__scikit-learn-25638 OK
scikit-learn__scikit-learn-15535 OK
sphinx-doc__sphinx-11445 OK
pytest-dev__pytest-7168 ERROR
sphinx-doc__sphinx-8435 OK
scikit-learn__scikit-learn-25500 ERROR
sphinx-doc__sphinx-8595 OK
scikit-learn__scikit-learn-25747 ERROR
sphinx-doc__sphinx-8474 OK
sphinx-doc__sphinx-8506 OK
scikit-learn__scikit-learn-25570 ERROR
sphinx-doc__sphinx-8721 OK
sphinx-doc__sphinx-8713 OK
sphinx-doc__sphinx-8627 OK
sympy__sympy-11400 OK
sympy__sympy-12171 OK
sympy__sympy-12481 OK
sympy__sympy-12236 OK
sphinx-doc__sphinx-8801 OK
sympy__sympy-12419 OK
sympy__sympy-13031 OK
sympy__sympy-13043 OK
sympy__sympy-13471 OK
sympy__sympy-13480 OK
sympy__sympy-13971 OK
sympy__sympy-14024 OK
sympy__sympy-13647 OK
sympy__sympy-14317 OK
sympy__sympy-14308 OK
sympy__sympy-14396 OK
sympy__sympy-13437 OK
sympy__sympy-14774 OK
sympy__sympy-15308 OK
sympy__sympy-14817 OK
sympy__sympy-15011 OK
sympy__sympy-13773 OK
sympy__sympy-15345 OK
sympy__sympy-15678 OK
sympy__sympy-15346 OK
sympy__sympy-15609 OK
sympy__sympy-16503 OK
sympy__sympy-16988 OK
sympy__sympy-16106 OK
sympy__sympy-16281 OK
sympy__sympy-16792 OK
sympy__sympy-17022 OK
sympy__sympy-17139 OK
sympy__sympy-17655 OK
sympy__sympy-13895 OK
sympy__sympy-18087 OK
sympy__sympy-18199 OK
sympy__sympy-18189 OK
sympy__sympy-18057 OK
sympy__sympy-18532 OK
sympy__sympy-18835 OK
sympy__sympy-19007 OK
sympy__sympy-20154 OK
sympy__sympy-20049 OK
sympy__sympy-17630 OK
sympy__sympy-19487 OK
sympy__sympy-20212 OK
sympy__sympy-18698 OK
sympy__sympy-19254 OK
sympy__sympy-20442 OK
sympy__sympy-21612 OK
sympy__sympy-20322 OK
sympy__sympy-18621 OK
sympy__sympy-20590 OK
sympy__sympy-20639 OK
sympy__sympy-21614 OK
sympy__sympy-21627 OK
sympy__sympy-21379 OK
sympy__sympy-22005 OK
sympy__sympy-21847 OK
sympy__sympy-23117 OK
sympy__sympy-23262 OK
sympy__sympy-24066 OK
sympy__sympy-23191 OK
sympy__sympy-24102 OK
sympy__sympy-21055 ERROR
sympy__sympy-24152 OK
sympy__sympy-22714 ERROR
sympy__sympy-24213 OK
sympy__sympy-21171 ERROR
sympy__sympy-24909 OK
sympy__sympy-22840 ERROR
aggregate incomplete: 253/276; see issue_rewrite.partial.json
issue rewrite pass 2/4
django__django-11999 SKIP
django__django-11583 SKIP
astropy__astropy-14365 SKIP
django__django-11564 SKIP
astropy__astropy-14995 SKIP
django__django-12308 SKIP
astropy__astropy-7746 SKIP
django__django-11039 SKIP
django__django-11848 SKIP
astropy__astropy-6938 SKIP
astropy__astropy-14182 SKIP
django__django-11905 SKIP
django__django-11179 SKIP
django__django-12184 SKIP
django__django-11099 SKIP
django__django-12589 SKIP
django__django-11815 SKIP
django__django-11910 SKIP
django__django-12125 SKIP
django__django-11630 SKIP
django__django-11620 SKIP
django__django-11422 SKIP
django__django-10914 SKIP
django__django-11133 SKIP
django__django-12497 SKIP
django__django-11019 SKIP
django__django-10924 SKIP
django__django-12470 SKIP
django__django-11283 SKIP
django__django-11742 SKIP
django__django-11001 SKIP
astropy__astropy-12907 SKIP
django__django-12284 SKIP
django__django-11964 SKIP
django__django-11797 SKIP
django__django-11049 SKIP
django__django-12286 SKIP
django__django-12453 SKIP
django__django-12700 SKIP
django__django-13028 SKIP
django__django-12708 SKIP
django__django-12856 SKIP
django__django-13230 SKIP
django__django-13265 SKIP
django__django-13315 SKIP
django__django-13033 SKIP
django__django-13401 SKIP
django__django-13158 SKIP
django__django-13220 SKIP
django__django-12908 SKIP
django__django-12983 SKIP
django__django-12747 SKIP
django__django-12915 SKIP
django__django-13551 SKIP
django__django-13590 SKIP
django__django-13660 SKIP
django__django-13710 SKIP
django__django-13757 SKIP
django__django-13447 SKIP
django__django-13933 SKIP
django__django-13964 SKIP
django__django-14016 SKIP
django__django-14017 SKIP
django__django-14155 SKIP
django__django-14534 SKIP
django__django-14580 SKIP
django__django-14608 SKIP
django__django-14667 SKIP
django__django-13925 SKIP
django__django-13768 SKIP
django__django-14382 SKIP
django__django-14730 SKIP
django__django-14752 SKIP
django__django-14787 SKIP
django__django-14411 SKIP
django__django-14999 SKIP
django__django-14915 SKIP
django__django-14855 SKIP
django__django-15202 SKIP
django__django-15213 SKIP
django__django-15320 SKIP
django__django-15061 SKIP
django__django-15252 SKIP
django__django-15347 SKIP
django__django-15388 SKIP
django__django-15400 SKIP
django__django-15695 SKIP
django__django-15781 SKIP
django__django-15498 SKIP
django__django-15738 SKIP
django__django-15814 SKIP
django__django-15789 SKIP
django__django-15851 SKIP
django__django-15902 SKIP
django__django-15996 SKIP
django__django-15819 SKIP
django__django-16046 SKIP
django__django-16041 SKIP
django__django-16229 SKIP
django__django-16139 SKIP
django__django-15790 SKIP
django__django-16255 SKIP
django__django-16379 SKIP
django__django-16408 SKIP
django__django-16527 SKIP
django__django-16595 SKIP
django__django-16820 SKIP
django__django-16873 SKIP
django__django-16910 SKIP
django__django-17051 SKIP
django__django-17087 SKIP
matplotlib__matplotlib-18869 SKIP
matplotlib__matplotlib-22711 SKIP
matplotlib__matplotlib-22835 SKIP
django__django-12113 OK
matplotlib__matplotlib-23314 SKIP
django__django-13321 ERROR
matplotlib__matplotlib-23562 SKIP
django__django-16816 OK
matplotlib__matplotlib-23913 SKIP
matplotlib__matplotlib-23964 SKIP
matplotlib__matplotlib-23987 SKIP
matplotlib__matplotlib-23299 OK
matplotlib__matplotlib-24265 SKIP
matplotlib__matplotlib-24334 SKIP
matplotlib__matplotlib-24970 SKIP
django__django-16400 ERROR
matplotlib__matplotlib-25311 SKIP
matplotlib__matplotlib-25332 SKIP
matplotlib__matplotlib-25433 SKIP
matplotlib__matplotlib-25442 SKIP
matplotlib__matplotlib-25498 SKIP
matplotlib__matplotlib-26011 SKIP
django__django-14672 ERROR
mwaskom__seaborn-2848 SKIP
mwaskom__seaborn-3010 SKIP
mwaskom__seaborn-3190 SKIP
mwaskom__seaborn-3407 SKIP
pallets__flask-4992 SKIP
pallets__flask-5063 SKIP
psf__requests-3362 SKIP
pydata__xarray-3364 SKIP
pydata__xarray-4094 SKIP
pydata__xarray-4248 SKIP
pydata__xarray-4493 SKIP
pydata__xarray-5131 SKIP
pylint-dev__pylint-5859 SKIP
pylint-dev__pylint-6506 SKIP
matplotlib__matplotlib-23476 ERROR
pylint-dev__pylint-7114 SKIP
pylint-dev__pylint-7228 SKIP
pylint-dev__pylint-7993 SKIP
pytest-dev__pytest-5221 SKIP
pytest-dev__pytest-5227 SKIP
pytest-dev__pytest-5413 SKIP
pytest-dev__pytest-5495 SKIP
pytest-dev__pytest-5692 SKIP
matplotlib__matplotlib-23563 ERROR
pytest-dev__pytest-7373 SKIP
pytest-dev__pytest-7432 SKIP
pytest-dev__pytest-8365 SKIP
pytest-dev__pytest-8906 SKIP
pytest-dev__pytest-9359 SKIP
scikit-learn__scikit-learn-10297 SKIP
scikit-learn__scikit-learn-10508 SKIP
scikit-learn__scikit-learn-10949 SKIP
scikit-learn__scikit-learn-11040 SKIP
scikit-learn__scikit-learn-11281 SKIP
scikit-learn__scikit-learn-12471 SKIP
scikit-learn__scikit-learn-13142 SKIP
scikit-learn__scikit-learn-13241 SKIP
scikit-learn__scikit-learn-13439 SKIP
scikit-learn__scikit-learn-13496 SKIP
scikit-learn__scikit-learn-13497 SKIP
scikit-learn__scikit-learn-13584 SKIP
scikit-learn__scikit-learn-13779 SKIP
scikit-learn__scikit-learn-14087 SKIP
scikit-learn__scikit-learn-14092 SKIP
scikit-learn__scikit-learn-14894 SKIP
scikit-learn__scikit-learn-14983 SKIP
scikit-learn__scikit-learn-15512 SKIP
scikit-learn__scikit-learn-15535 SKIP
matplotlib__matplotlib-24149 ERROR
matplotlib__matplotlib-26020 ERROR
scikit-learn__scikit-learn-25638 SKIP
django__django-13448 ERROR
sphinx-doc__sphinx-10325 SKIP
sphinx-doc__sphinx-10451 SKIP
sphinx-doc__sphinx-11445 SKIP
sphinx-doc__sphinx-8435 SKIP
sphinx-doc__sphinx-8474 SKIP
sphinx-doc__sphinx-8506 SKIP
sphinx-doc__sphinx-8595 SKIP
sphinx-doc__sphinx-8627 SKIP
sphinx-doc__sphinx-8713 SKIP
sphinx-doc__sphinx-8721 SKIP
sphinx-doc__sphinx-8801 SKIP
sympy__sympy-11400 SKIP
sympy__sympy-12171 SKIP
sympy__sympy-12236 SKIP
sympy__sympy-12419 SKIP
sympy__sympy-12481 SKIP
sympy__sympy-13031 SKIP
sympy__sympy-13043 SKIP
sympy__sympy-13437 SKIP
sympy__sympy-13471 SKIP
sympy__sympy-13480 SKIP
sympy__sympy-13647 SKIP
sympy__sympy-13773 SKIP
sympy__sympy-13895 SKIP
sympy__sympy-13971 SKIP
sympy__sympy-14024 SKIP
sympy__sympy-14308 SKIP
sympy__sympy-14317 SKIP
sympy__sympy-14396 SKIP
sympy__sympy-14774 SKIP
sympy__sympy-14817 SKIP
sympy__sympy-15011 SKIP
sympy__sympy-15308 SKIP
sympy__sympy-15345 SKIP
sympy__sympy-15346 SKIP
sympy__sympy-15609 SKIP
sympy__sympy-15678 SKIP
sympy__sympy-16106 SKIP
sympy__sympy-16281 SKIP
sympy__sympy-16503 SKIP
sympy__sympy-16792 SKIP
sympy__sympy-16988 SKIP
sympy__sympy-17022 SKIP
sympy__sympy-17139 SKIP
sympy__sympy-17630 SKIP
sympy__sympy-17655 SKIP
sympy__sympy-18057 SKIP
sympy__sympy-18087 SKIP
sympy__sympy-18189 SKIP
sympy__sympy-18199 SKIP
sympy__sympy-18532 SKIP
sympy__sympy-18621 SKIP
sympy__sympy-18698 SKIP
sympy__sympy-18835 SKIP
sympy__sympy-19007 SKIP
sympy__sympy-19254 SKIP
sympy__sympy-19487 SKIP
sympy__sympy-20049 SKIP
sympy__sympy-20154 SKIP
sympy__sympy-20212 SKIP
sympy__sympy-20322 SKIP
sympy__sympy-20442 SKIP
sympy__sympy-20590 SKIP
sympy__sympy-20639 SKIP
pylint-dev__pylint-7080 ERROR
pytest-dev__pytest-7168 ERROR
sympy__sympy-21379 SKIP
sympy__sympy-21612 SKIP
sympy__sympy-21614 SKIP
sympy__sympy-21627 SKIP
sympy__sympy-21847 SKIP
sympy__sympy-22005 SKIP
sympy__sympy-21055 OK
scikit-learn__scikit-learn-25570 ERROR
sympy__sympy-23117 SKIP
sympy__sympy-23191 SKIP
sympy__sympy-23262 SKIP
sympy__sympy-24066 SKIP
sympy__sympy-24102 SKIP
sympy__sympy-24152 SKIP
sympy__sympy-24213 SKIP
sympy__sympy-24909 SKIP
scikit-learn__scikit-learn-25500 ERROR
scikit-learn__scikit-learn-25747 ERROR
matplotlib__matplotlib-25079 ERROR
sympy__sympy-21171 ERROR
sympy__sympy-22714 ERROR
django__django-14997 ERROR
django__django-14238 OK
sympy__sympy-22840 ERROR
aggregate incomplete: 258/276; see issue_rewrite.partial.json
issue rewrite pass 3/4
django__django-11133 SKIP
django__django-12284 SKIP
django__django-11905 SKIP
astropy__astropy-14365 SKIP
django__django-11742 SKIP
django__django-11564 SKIP
astropy__astropy-14995 SKIP
django__django-11848 SKIP
astropy__astropy-7746 SKIP
django__django-12700 SKIP
django__django-11039 SKIP
astropy__astropy-6938 SKIP
astropy__astropy-14182 SKIP
django__django-11815 SKIP
django__django-11179 SKIP
django__django-12589 SKIP
django__django-11099 SKIP
django__django-12184 SKIP
django__django-12497 SKIP
django__django-11797 SKIP
django__django-11630 SKIP
django__django-11620 SKIP
django__django-11422 SKIP
django__django-10914 SKIP
django__django-12125 SKIP
django__django-12470 SKIP
django__django-10924 SKIP
django__django-12747 SKIP
django__django-12286 SKIP
django__django-12113 SKIP
django__django-11019 SKIP
django__django-11283 SKIP
django__django-12453 SKIP
django__django-11910 SKIP
django__django-11999 SKIP
astropy__astropy-12907 SKIP
django__django-12308 SKIP
django__django-11049 SKIP
django__django-11964 SKIP
django__django-11001 SKIP
django__django-11583 SKIP
django__django-13033 SKIP
django__django-13230 SKIP
django__django-13265 SKIP
django__django-13315 SKIP
django__django-12856 SKIP
django__django-13401 SKIP
django__django-13220 SKIP
django__django-13447 SKIP
django__django-12908 SKIP
django__django-13158 SKIP
django__django-12915 SKIP
django__django-13028 SKIP
django__django-13757 SKIP
django__django-13768 SKIP
django__django-13925 SKIP
django__django-13590 SKIP
django__django-13933 SKIP
django__django-13964 SKIP
django__django-14017 SKIP
django__django-13660 SKIP
django__django-13710 SKIP
django__django-14155 SKIP
django__django-14238 SKIP
django__django-14382 SKIP
django__django-13551 SKIP
django__django-12983 SKIP
django__django-14016 SKIP
django__django-14608 SKIP
django__django-14730 SKIP
django__django-14411 SKIP
django__django-14787 SKIP
django__django-12708 SKIP
django__django-14855 SKIP
django__django-14534 SKIP
django__django-14999 SKIP
django__django-15061 SKIP
django__django-15202 SKIP
django__django-15213 SKIP
django__django-14752 SKIP
django__django-14915 SKIP
django__django-15347 SKIP
django__django-14667 SKIP
django__django-15252 SKIP
django__django-15320 SKIP
django__django-15695 SKIP
django__django-15738 SKIP
django__django-15781 SKIP
django__django-15498 SKIP
django__django-15790 SKIP
django__django-15814 SKIP
django__django-15819 SKIP
django__django-15851 SKIP
django__django-14580 SKIP
django__django-15388 SKIP
django__django-15400 SKIP
django__django-16046 SKIP
django__django-16139 SKIP
django__django-15996 SKIP
django__django-16041 SKIP
django__django-16379 SKIP
django__django-16229 SKIP
django__django-16408 SKIP
django__django-16527 SKIP
django__django-16595 SKIP
django__django-16816 SKIP
django__django-16255 SKIP
django__django-15902 SKIP
django__django-16873 SKIP
django__django-16910 SKIP
django__django-15789 SKIP
django__django-16820 SKIP
django__django-17051 SKIP
django__django-17087 SKIP
matplotlib__matplotlib-18869 SKIP
matplotlib__matplotlib-22835 SKIP
matplotlib__matplotlib-23299 SKIP
matplotlib__matplotlib-22711 SKIP
matplotlib__matplotlib-23562 SKIP
matplotlib__matplotlib-23314 SKIP
matplotlib__matplotlib-23913 SKIP
matplotlib__matplotlib-23964 SKIP
matplotlib__matplotlib-23987 SKIP
matplotlib__matplotlib-24265 SKIP
matplotlib__matplotlib-24334 SKIP
matplotlib__matplotlib-24970 SKIP
django__django-16400 OK
matplotlib__matplotlib-25311 SKIP
matplotlib__matplotlib-25332 SKIP
matplotlib__matplotlib-25433 SKIP
matplotlib__matplotlib-25442 SKIP
matplotlib__matplotlib-25498 SKIP
matplotlib__matplotlib-26011 SKIP
matplotlib__matplotlib-23476 OK
mwaskom__seaborn-2848 SKIP
mwaskom__seaborn-3010 SKIP
mwaskom__seaborn-3190 SKIP
mwaskom__seaborn-3407 SKIP
pallets__flask-4992 SKIP
pallets__flask-5063 SKIP
psf__requests-3362 SKIP
pydata__xarray-3364 SKIP
pydata__xarray-4094 SKIP
pydata__xarray-4248 SKIP
pydata__xarray-4493 SKIP
pydata__xarray-5131 SKIP
pylint-dev__pylint-5859 SKIP
pylint-dev__pylint-6506 SKIP
django__django-13321 OK
pylint-dev__pylint-7114 SKIP
pylint-dev__pylint-7228 SKIP
pylint-dev__pylint-7993 SKIP
pytest-dev__pytest-5221 SKIP
pytest-dev__pytest-5227 SKIP
pytest-dev__pytest-5413 SKIP
pytest-dev__pytest-5495 SKIP
pytest-dev__pytest-5692 SKIP
matplotlib__matplotlib-24149 OK
pytest-dev__pytest-7373 SKIP
pytest-dev__pytest-7432 SKIP
pytest-dev__pytest-8365 SKIP
pytest-dev__pytest-8906 SKIP
pytest-dev__pytest-9359 SKIP
scikit-learn__scikit-learn-10297 SKIP
scikit-learn__scikit-learn-10508 SKIP
scikit-learn__scikit-learn-10949 SKIP
scikit-learn__scikit-learn-11040 SKIP
scikit-learn__scikit-learn-11281 SKIP
scikit-learn__scikit-learn-12471 SKIP
scikit-learn__scikit-learn-13142 SKIP
scikit-learn__scikit-learn-13241 SKIP
scikit-learn__scikit-learn-13439 SKIP
scikit-learn__scikit-learn-13496 SKIP
scikit-learn__scikit-learn-13497 SKIP
scikit-learn__scikit-learn-13584 SKIP
scikit-learn__scikit-learn-13779 SKIP
scikit-learn__scikit-learn-14087 SKIP
scikit-learn__scikit-learn-14092 SKIP
scikit-learn__scikit-learn-14894 SKIP
scikit-learn__scikit-learn-14983 SKIP
scikit-learn__scikit-learn-15512 SKIP
scikit-learn__scikit-learn-15535 SKIP
django__django-14672 ERROR
django__django-13448 ERROR
scikit-learn__scikit-learn-25638 SKIP
django__django-14997 ERROR
sphinx-doc__sphinx-10325 SKIP
sphinx-doc__sphinx-10451 SKIP
sphinx-doc__sphinx-11445 SKIP
sphinx-doc__sphinx-8435 SKIP
sphinx-doc__sphinx-8474 SKIP
sphinx-doc__sphinx-8506 SKIP
sphinx-doc__sphinx-8595 SKIP
sphinx-doc__sphinx-8627 SKIP
sphinx-doc__sphinx-8713 SKIP
sphinx-doc__sphinx-8721 SKIP
sphinx-doc__sphinx-8801 SKIP
sympy__sympy-11400 SKIP
sympy__sympy-12171 SKIP
sympy__sympy-12236 SKIP
sympy__sympy-12419 SKIP
sympy__sympy-12481 SKIP
sympy__sympy-13031 SKIP
sympy__sympy-13043 SKIP
sympy__sympy-13437 SKIP
sympy__sympy-13471 SKIP
sympy__sympy-13480 SKIP
sympy__sympy-13647 SKIP
sympy__sympy-13773 SKIP
sympy__sympy-13895 SKIP
sympy__sympy-13971 SKIP
sympy__sympy-14024 SKIP
sympy__sympy-14308 SKIP
sympy__sympy-14317 SKIP
sympy__sympy-14396 SKIP
sympy__sympy-14774 SKIP
sympy__sympy-14817 SKIP
sympy__sympy-15011 SKIP
sympy__sympy-15308 SKIP
sympy__sympy-15345 SKIP
sympy__sympy-15346 SKIP
sympy__sympy-15609 SKIP
sympy__sympy-15678 SKIP
sympy__sympy-16106 SKIP
sympy__sympy-16281 SKIP
sympy__sympy-16503 SKIP
sympy__sympy-16792 SKIP
sympy__sympy-16988 SKIP
sympy__sympy-17022 SKIP
sympy__sympy-17139 SKIP
sympy__sympy-17630 SKIP
sympy__sympy-17655 SKIP
sympy__sympy-18057 SKIP
sympy__sympy-18087 SKIP
sympy__sympy-18189 SKIP
sympy__sympy-18199 SKIP
sympy__sympy-18532 SKIP
sympy__sympy-18621 SKIP
sympy__sympy-18698 SKIP
sympy__sympy-18835 SKIP
sympy__sympy-19007 SKIP
sympy__sympy-19254 SKIP
sympy__sympy-19487 SKIP
sympy__sympy-20049 SKIP
sympy__sympy-20154 SKIP
sympy__sympy-20212 SKIP
sympy__sympy-20322 SKIP
sympy__sympy-20442 SKIP
sympy__sympy-20590 SKIP
sympy__sympy-20639 SKIP
sympy__sympy-21055 SKIP
matplotlib__matplotlib-25079 ERROR
sympy__sympy-21379 SKIP
sympy__sympy-21612 SKIP
sympy__sympy-21614 SKIP
sympy__sympy-21627 SKIP
sympy__sympy-21847 SKIP
sympy__sympy-22005 SKIP
matplotlib__matplotlib-23563 ERROR
pylint-dev__pylint-7080 ERROR
matplotlib__matplotlib-26020 ERROR
sympy__sympy-23117 SKIP
sympy__sympy-23191 SKIP
sympy__sympy-24066 SKIP
sympy__sympy-23262 SKIP
sympy__sympy-24152 SKIP
sympy__sympy-24213 SKIP
sympy__sympy-24909 SKIP
sympy__sympy-24102 SKIP
pytest-dev__pytest-7168 ERROR
scikit-learn__scikit-learn-25500 ERROR
scikit-learn__scikit-learn-25570 ERROR
sympy__sympy-22714 ERROR
sympy__sympy-21171 ERROR
scikit-learn__scikit-learn-25747 ERROR
sympy__sympy-22840 ERROR
aggregate incomplete: 262/276; see issue_rewrite.partial.json
issue rewrite pass 4/4
django__django-11049 SKIP
django__django-12184 SKIP
django__django-11848 SKIP
astropy__astropy-14365 SKIP
django__django-11742 SKIP
django__django-11564 SKIP
astropy__astropy-14995 SKIP
django__django-12125 SKIP
astropy__astropy-7746 SKIP
django__django-11815 SKIP
django__django-11039 SKIP
astropy__astropy-6938 SKIP
astropy__astropy-14182 SKIP
django__django-11179 SKIP
django__django-12113 SKIP
django__django-11099 SKIP
django__django-11999 SKIP
django__django-11630 SKIP
django__django-11620 SKIP
django__django-11422 SKIP
django__django-10914 SKIP
django__django-11133 SKIP
django__django-11964 SKIP
django__django-11019 SKIP
django__django-10924 SKIP
django__django-11283 SKIP
django__django-11910 SKIP
django__django-11001 SKIP
astropy__astropy-12907 SKIP
django__django-11905 SKIP
django__django-11797 SKIP
django__django-11583 SKIP
django__django-12308 SKIP
django__django-12747 SKIP
django__django-12856 SKIP
django__django-12908 SKIP
django__django-12284 SKIP
django__django-12700 SKIP
django__django-12708 SKIP
django__django-12286 SKIP
django__django-12497 SKIP
django__django-12470 SKIP
django__django-12983 SKIP
django__django-13265 SKIP
django__django-13315 SKIP
django__django-13321 SKIP
django__django-13401 SKIP
django__django-13230 SKIP
django__django-13028 SKIP
django__django-13551 SKIP
django__django-13220 SKIP
django__django-12453 SKIP
django__django-13710 SKIP
django__django-13757 SKIP
django__django-13768 SKIP
django__django-13925 SKIP
django__django-13933 SKIP
django__django-12589 SKIP
django__django-14016 SKIP
django__django-13033 SKIP
django__django-13964 SKIP
django__django-13158 SKIP
django__django-13590 SKIP
django__django-13660 SKIP
django__django-13447 SKIP
django__django-14238 SKIP
django__django-14382 SKIP
django__django-14411 SKIP
django__django-14580 SKIP
django__django-12915 SKIP
django__django-14608 SKIP
django__django-14667 SKIP
django__django-14855 SKIP
django__django-14915 SKIP
django__django-14752 SKIP
django__django-14155 SKIP
django__django-14534 SKIP
django__django-14017 SKIP
django__django-14730 SKIP
django__django-15061 SKIP
django__django-15213 SKIP
django__django-15347 SKIP
django__django-15202 SKIP
django__django-14787 SKIP
django__django-15388 SKIP
django__django-14999 SKIP
django__django-15400 SKIP
django__django-15781 SKIP
django__django-15252 SKIP
django__django-15320 SKIP
django__django-15814 SKIP
django__django-15695 SKIP
django__django-15738 SKIP
django__django-15902 SKIP
django__django-15996 SKIP
django__django-16041 SKIP
django__django-16046 SKIP
django__django-16139 SKIP
django__django-16229 SKIP
django__django-16255 SKIP
django__django-16379 SKIP
django__django-15790 SKIP
django__django-16408 SKIP
django__django-15819 SKIP
django__django-15851 SKIP
django__django-16816 SKIP
django__django-15789 SKIP
django__django-16400 SKIP
django__django-16910 SKIP
django__django-17051 SKIP
django__django-17087 SKIP
matplotlib__matplotlib-18869 SKIP
matplotlib__matplotlib-22711 SKIP
matplotlib__matplotlib-22835 SKIP
matplotlib__matplotlib-23299 SKIP
matplotlib__matplotlib-23314 SKIP
matplotlib__matplotlib-23476 SKIP
matplotlib__matplotlib-23562 SKIP
django__django-16873 SKIP
django__django-15498 SKIP
django__django-16527 SKIP
django__django-16595 SKIP
matplotlib__matplotlib-24149 SKIP
matplotlib__matplotlib-24265 SKIP
matplotlib__matplotlib-23913 SKIP
matplotlib__matplotlib-23987 SKIP
matplotlib__matplotlib-24970 SKIP
matplotlib__matplotlib-25311 SKIP
django__django-16820 SKIP
matplotlib__matplotlib-25332 SKIP
matplotlib__matplotlib-25442 SKIP
matplotlib__matplotlib-25433 SKIP
matplotlib__matplotlib-24334 SKIP
matplotlib__matplotlib-25498 SKIP
matplotlib__matplotlib-26011 SKIP
mwaskom__seaborn-3010 SKIP
mwaskom__seaborn-2848 SKIP
mwaskom__seaborn-3407 SKIP
pallets__flask-4992 SKIP
pallets__flask-5063 SKIP
psf__requests-3362 SKIP
pydata__xarray-3364 SKIP
pydata__xarray-4094 SKIP
pydata__xarray-4248 SKIP
pydata__xarray-4493 SKIP
mwaskom__seaborn-3190 SKIP
matplotlib__matplotlib-23964 SKIP
pylint-dev__pylint-6506 SKIP
pydata__xarray-5131 SKIP
pylint-dev__pylint-5859 SKIP
pylint-dev__pylint-7228 SKIP
pylint-dev__pylint-7993 SKIP
pytest-dev__pytest-5221 SKIP
pylint-dev__pylint-7114 SKIP
pytest-dev__pytest-5227 SKIP
pytest-dev__pytest-5413 SKIP
pytest-dev__pytest-5692 SKIP
pytest-dev__pytest-5495 SKIP
pytest-dev__pytest-7373 SKIP
pytest-dev__pytest-7432 SKIP
pytest-dev__pytest-8365 SKIP
pytest-dev__pytest-8906 SKIP
pytest-dev__pytest-9359 SKIP
scikit-learn__scikit-learn-10297 SKIP
scikit-learn__scikit-learn-10508 SKIP
scikit-learn__scikit-learn-10949 SKIP
scikit-learn__scikit-learn-11040 SKIP
scikit-learn__scikit-learn-11281 SKIP
scikit-learn__scikit-learn-12471 SKIP
scikit-learn__scikit-learn-13142 SKIP
scikit-learn__scikit-learn-13241 SKIP
scikit-learn__scikit-learn-13439 SKIP
scikit-learn__scikit-learn-13496 SKIP
scikit-learn__scikit-learn-13497 SKIP
scikit-learn__scikit-learn-13584 SKIP
scikit-learn__scikit-learn-13779 SKIP
scikit-learn__scikit-learn-14087 SKIP
scikit-learn__scikit-learn-14092 SKIP
scikit-learn__scikit-learn-14894 SKIP
scikit-learn__scikit-learn-14983 SKIP
scikit-learn__scikit-learn-15512 SKIP
scikit-learn__scikit-learn-15535 SKIP
django__django-13448 ERROR
matplotlib__matplotlib-23563 ERROR
scikit-learn__scikit-learn-25638 SKIP
scikit-learn__scikit-learn-25500 ERROR
sphinx-doc__sphinx-10325 SKIP
sphinx-doc__sphinx-10451 SKIP
sphinx-doc__sphinx-11445 SKIP
sphinx-doc__sphinx-8435 SKIP
sphinx-doc__sphinx-8474 SKIP
sphinx-doc__sphinx-8506 SKIP
sphinx-doc__sphinx-8595 SKIP
sphinx-doc__sphinx-8627 SKIP
sphinx-doc__sphinx-8713 SKIP
sphinx-doc__sphinx-8721 SKIP
sphinx-doc__sphinx-8801 SKIP
sympy__sympy-11400 SKIP
sympy__sympy-12171 SKIP
sympy__sympy-12236 SKIP
sympy__sympy-12419 SKIP
sympy__sympy-12481 SKIP
sympy__sympy-13031 SKIP
sympy__sympy-13043 SKIP
sympy__sympy-13437 SKIP
sympy__sympy-13471 SKIP
sympy__sympy-13480 SKIP
sympy__sympy-13647 SKIP
sympy__sympy-13773 SKIP
sympy__sympy-13895 SKIP
sympy__sympy-13971 SKIP
sympy__sympy-14024 SKIP
sympy__sympy-14308 SKIP
sympy__sympy-14317 SKIP
sympy__sympy-14396 SKIP
sympy__sympy-14774 SKIP
sympy__sympy-14817 SKIP
sympy__sympy-15011 SKIP
sympy__sympy-15308 SKIP
sympy__sympy-15345 SKIP
sympy__sympy-15346 SKIP
sympy__sympy-15609 SKIP
sympy__sympy-15678 SKIP
sympy__sympy-16106 SKIP
sympy__sympy-16281 SKIP
sympy__sympy-16503 SKIP
sympy__sympy-16792 SKIP
sympy__sympy-16988 SKIP
sympy__sympy-17022 SKIP
sympy__sympy-17139 SKIP
sympy__sympy-17630 SKIP
sympy__sympy-17655 SKIP
sympy__sympy-18057 SKIP
sympy__sympy-18087 SKIP
sympy__sympy-18189 SKIP
sympy__sympy-18199 SKIP
sympy__sympy-18532 SKIP
sympy__sympy-18621 SKIP
sympy__sympy-18698 SKIP
sympy__sympy-18835 SKIP
sympy__sympy-19007 SKIP
sympy__sympy-19254 SKIP
sympy__sympy-19487 SKIP
sympy__sympy-20049 SKIP
sympy__sympy-20154 SKIP
sympy__sympy-20212 SKIP
sympy__sympy-20322 SKIP
sympy__sympy-20442 SKIP
sympy__sympy-20590 SKIP
sympy__sympy-20639 SKIP
sympy__sympy-21055 SKIP
django__django-14997 ERROR
matplotlib__matplotlib-25079 ERROR
matplotlib__matplotlib-26020 ERROR
sympy__sympy-21614 SKIP
sympy__sympy-21379 SKIP
sympy__sympy-21612 SKIP
sympy__sympy-22005 SKIP
sympy__sympy-21847 SKIP
sympy__sympy-21627 SKIP
sympy__sympy-23117 SKIP
sympy__sympy-23191 SKIP
sympy__sympy-23262 SKIP
sympy__sympy-24066 SKIP
sympy__sympy-24102 SKIP
sympy__sympy-24152 SKIP
django__django-14672 ERROR
sympy__sympy-24909 SKIP
sympy__sympy-24213 SKIP
scikit-learn__scikit-learn-25570 ERROR
scikit-learn__scikit-learn-25747 ERROR
pylint-dev__pylint-7080 ERROR
pytest-dev__pytest-7168 ERROR
sympy__sympy-21171 ERROR
sympy__sympy-22714 OK
sympy__sympy-22840 ERROR
aggregate incomplete: 263/276; see issue_rewrite.partial.json
